# JRE version: Java(TM) SE Runtime Environment (8.0_77-b03) (build 1.8.0_77-b03)
# Java VM: Java HotSpot(TM) 64-Bit Server VM (25.77-b03 mixed mode bsd-amd64 compressed oops)
Heap:
 PSYoungGen      total 418816K, used 332941K [0x0000000795580000, 0x00000007bc380000, 0x00000007c0000000)
  eden space 418304K, 79% used [0x0000000795580000,0x00000007a9a9b7e0,0x00000007aee00000)
  from space 512K, 6% used [0x00000007bc300000,0x00000007bc308000,0x00000007bc380000)
  to   space 8192K, 0% used [0x00000007bb380000,0x00000007bb380000,0x00000007bbb80000)
 ParOldGen       total 87552K, used 47134K [0x0000000740000000, 0x0000000745580000, 0x0000000795580000)
  object space 87552K, 53% used [0x0000000740000000,0x0000000742e07978,0x0000000745580000)
 Metaspace       used 13814K, capacity 14008K, committed 14208K, reserved 1060864K
  class space    used 1785K, capacity 1842K, committed 1920K, reserved 1048576K
GC Heap History (10 events):
Event: 24.500 GC heap before
{Heap before GC invocations=18 (full 0):
 PSYoungGen      total 540160K, used 529440K [0x0000000795580000, 0x00000007bde00000, 0x00000007c0000000)
  eden space 529408K, 100% used [0x0000000795580000,0x00000007b5a80000,0x00000007b5a80000)
  from space 10752K, 0% used [0x00000007bc900000,0x00000007bc908000,0x00000007bd380000)
  to   space 10240K, 0% used [0x00000007bd400000,0x00000007bd400000,0x00000007bde00000)
 ParOldGen       total 87552K, used 47110K [0x0000000740000000, 0x0000000745580000, 0x0000000795580000)
  object space 87552K, 53% used [0x0000000740000000,0x0000000742e01978,0x0000000745580000)
 Metaspace       used 13473K, capacity 13688K, committed 13952K, reserved 1060864K
  class space    used 1778K, capacity 1842K, committed 1920K, reserved 1048576K
Event: 24.501 GC heap after
Heap after GC invocations=18 (full 0):
 PSYoungGen      total 505344K, used 0K [0x0000000795580000, 0x00000007bd480000, 0x00000007c0000000)
  eden space 504832K, 0% used [0x0000000795580000,0x0000000795580000,0x00000007b4280000)
  from space 512K, 0% used [0x00000007bd400000,0x00000007bd400000,0x00000007bd480000)
  to   space 9728K, 0% used [0x00000007bc180000,0x00000007bc180000,0x00000007bcb00000)
 ParOldGen       total 87552K, used 47110K [0x0000000740000000, 0x0000000745580000, 0x0000000795580000)
  object space 87552K, 53% used [0x0000000740000000,0x0000000742e01978,0x0000000745580000)
 Metaspace       used 13473K, capacity 13688K, committed 13952K, reserved 1060864K
  class space    used 1778K, capacity 1842K, committed 1920K, reserved 1048576K
}
Event: 25.020 GC heap before
{Heap before GC invocations=19 (full 0):
 PSYoungGen      total 505344K, used 504832K [0x0000000795580000, 0x00000007bd480000, 0x00000007c0000000)
  eden space 504832K, 100% used [0x0000000795580000,0x00000007b4280000,0x00000007b4280000)
  from space 512K, 0% used [0x00000007bd400000,0x00000007bd400000,0x00000007bd480000)
  to   space 9728K, 0% used [0x00000007bc180000,0x00000007bc180000,0x00000007bcb00000)
 ParOldGen       total 87552K, used 47110K [0x0000000740000000, 0x0000000745580000, 0x0000000795580000)
  object space 87552K, 53% used [0x0000000740000000,0x0000000742e01978,0x0000000745580000)
 Metaspace       used 13474K, capacity 13688K, committed 13952K, reserved 1060864K
  class space    used 1778K, capacity 1842K, committed 1920K, reserved 1048576K
Event: 25.021 GC heap after
Heap after GC invocations=19 (full 0):
 PSYoungGen      total 491008K, used 96K [0x0000000795580000, 0x00000007bd480000, 0x00000007c0000000)
  eden space 481280K, 0% used [0x0000000795580000,0x0000000795580000,0x00000007b2b80000)
  from space 9728K, 0% used [0x00000007bc180000,0x00000007bc198000,0x00000007bcb00000)
  to   space 9728K, 0% used [0x00000007bcb00000,0x00000007bcb00000,0x00000007bd480000)
 ParOldGen       total 87552K, used 47118K [0x0000000740000000, 0x0000000745580000, 0x0000000795580000)
  object space 87552K, 53% used [0x0000000740000000,0x0000000742e03978,0x0000000745580000)
 Metaspace       used 13474K, capacity 13688K, committed 13952K, reserved 1060864K
  class space    used 1778K, capacity 1842K, committed 1920K, reserved 1048576K
}
Event: 25.509 GC heap before
{Heap before GC invocations=20 (full 0):
 PSYoungGen      total 491008K, used 481376K [0x0000000795580000, 0x00000007bd480000, 0x00000007c0000000)
  eden space 481280K, 100% used [0x0000000795580000,0x00000007b2b80000,0x00000007b2b80000)
  from space 9728K, 0% used [0x00000007bc180000,0x00000007bc198000,0x00000007bcb00000)
  to   space 9728K, 0% used [0x00000007bcb00000,0x00000007bcb00000,0x00000007bd480000)
 ParOldGen       total 87552K, used 47118K [0x0000000740000000, 0x0000000745580000, 0x0000000795580000)
  object space 87552K, 53% used [0x0000000740000000,0x0000000742e03978,0x0000000745580000)
 Metaspace       used 13474K, capacity 13688K, committed 13952K, reserved 1060864K
  class space    used 1778K, capacity 1842K, committed 1920K, reserved 1048576K
Event: 25.510 GC heap after
Heap after GC invocations=20 (full 0):
 PSYoungGen      total 459776K, used 96K [0x0000000795580000, 0x00000007bcb80000, 0x00000007c0000000)
  eden space 459264K, 0% used [0x0000000795580000,0x0000000795580000,0x00000007b1600000)
  from space 512K, 18% used [0x00000007bcb00000,0x00000007bcb18000,0x00000007bcb80000)
  to   space 9216K, 0% used [0x00000007bb980000,0x00000007bb980000,0x00000007bc280000)
 ParOldGen       total 87552K, used 47134K [0x0000000740000000, 0x0000000745580000, 0x0000000795580000)
  object space 87552K, 53% used [0x0000000740000000,0x0000000742e07978,0x0000000745580000)
 Metaspace       used 13474K, capacity 13688K, committed 13952K, reserved 1060864K
  class space    used 1778K, capacity 1842K, committed 1920K, reserved 1048576K
}
Event: 25.973 GC heap before
{Heap before GC invocations=21 (full 0):
 PSYoungGen      total 459776K, used 459360K [0x0000000795580000, 0x00000007bcb80000, 0x00000007c0000000)
  eden space 459264K, 100% used [0x0000000795580000,0x00000007b1600000,0x00000007b1600000)
  from space 512K, 18% used [0x00000007bcb00000,0x00000007bcb18000,0x00000007bcb80000)
  to   space 9216K, 0% used [0x00000007bb980000,0x00000007bb980000,0x00000007bc280000)
 ParOldGen       total 87552K, used 47134K [0x0000000740000000, 0x0000000745580000, 0x0000000795580000)
  object space 87552K, 53% used [0x0000000740000000,0x0000000742e07978,0x0000000745580000)
 Metaspace       used 13474K, capacity 13688K, committed 13952K, reserved 1060864K
  class space    used 1778K, capacity 1842K, committed 1920K, reserved 1048576K
Event: 25.973 GC heap after
Heap after GC invocations=21 (full 0):
 PSYoungGen      total 447488K, used 64K [0x0000000795580000, 0x00000007bcb80000, 0x00000007c0000000)
  eden space 438272K, 0% used [0x0000000795580000,0x0000000795580000,0x00000007b0180000)
  from space 9216K, 0% used [0x00000007bb980000,0x00000007bb990000,0x00000007bc280000)
  to   space 8704K, 0% used [0x00000007bc300000,0x00000007bc300000,0x00000007bcb80000)
 ParOldGen       total 87552K, used 47134K [0x0000000740000000, 0x0000000745580000, 0x0000000795580000)
  object space 87552K, 53% used [0x0000000740000000,0x0000000742e07978,0x0000000745580000)
 Metaspace       used 13474K, capacity 13688K, committed 13952K, reserved 1060864K
  class space    used 1778K, capacity 1842K, committed 1920K, reserved 1048576K
}
Event: 26.407 GC heap before
{Heap before GC invocations=22 (full 0):
 PSYoungGen      total 447488K, used 438336K [0x0000000795580000, 0x00000007bcb80000, 0x00000007c0000000)
  eden space 438272K, 100% used [0x0000000795580000,0x00000007b0180000,0x00000007b0180000)
  from space 9216K, 0% used [0x00000007bb980000,0x00000007bb990000,0x00000007bc280000)
  to   space 8704K, 0% used [0x00000007bc300000,0x00000007bc300000,0x00000007bcb80000)
 ParOldGen       total 87552K, used 47134K [0x0000000740000000, 0x0000000745580000, 0x0000000795580000)
  object space 87552K, 53% used [0x0000000740000000,0x0000000742e07978,0x0000000745580000)
 Metaspace       used 13474K, capacity 13688K, committed 13952K, reserved 1060864K
  class space    used 1778K, capacity 1842K, committed 1920K, reserved 1048576K
Event: 26.408 GC heap after
Heap after GC invocations=22 (full 0):
 PSYoungGen      total 418816K, used 32K [0x0000000795580000, 0x00000007bc380000, 0x00000007c0000000)
  eden space 418304K, 0% used [0x0000000795580000,0x0000000795580000,0x00000007aee00000)
  from space 512K, 6% used [0x00000007bc300000,0x00000007bc308000,0x00000007bc380000)
  to   space 8192K, 0% used [0x00000007bb380000,0x00000007bb380000,0x00000007bbb80000)
 ParOldGen       total 87552K, used 47134K [0x0000000740000000, 0x0000000745580000, 0x0000000795580000)
  object space 87552K, 53% used [0x0000000740000000,0x0000000742e07978,0x0000000745580000)
 Metaspace       used 13474K, capacity 13688K, committed 13952K, reserved 1060864K
  class space    used 1778K, capacity 1842K, committed 1920K, reserved 1048576K
}

